# JRE version: Java(TM) SE Runtime Environment Oracle GraalVM 17.0.12+8.1 (17.0.12+8) (build 17.0.12+8-LTS-jvmci-23.0-b41)
# Java VM: Java HotSpot(TM) 64-Bit Server VM Oracle GraalVM 17.0.12+8.1 (17.0.12+8-LTS-jvmci-23.0-b41, mixed mode, sharing, tiered, jvmci, jvmci compiler, compressed oops, compressed class ptrs, g1 gc, windows-amd64)
GC Precious Log:
 CPUs: 4 total, 4 available
 Memory: 8083M
 Large Page Support: Disabled
 NUMA Support: Disabled
 Compressed Oops: Enabled (32-bit)
 Heap Region Size: 1M
 Heap Min Capacity: 8M
 Heap Initial Capacity: 8M
 Heap Max Capacity: 2022M
 Pre-touch: Disabled
 Parallel Workers: 4
 Concurrent Workers: 1
 Concurrent Refinement Workers: 4
 Periodic GC: Disabled
Heap:
 garbage-first heap   total 8192K, used 3383K [0x0000000081a00000, 0x0000000100000000)
  region size 1024K, 1 young (1024K), 1 survivors (1024K)
 Metaspace       used 7955K, committed 8128K, reserved 1114112K
  class space    used 907K, committed 1024K, reserved 1048576K
GC Heap History (9 events):
Event: 0.265 GC heap before
{Heap before GC invocations=0 (full 0):
 garbage-first heap   total 8192K, used 3072K [0x0000000081a00000, 0x0000000100000000)
  region size 1024K, 3 young (3072K), 0 survivors (0K)
 Metaspace       used 1087K, committed 1152K, reserved 1114112K
  class space    used 109K, committed 128K, reserved 1048576K
}
Event: 0.271 GC heap after
{Heap after GC invocations=1 (full 0):
 garbage-first heap   total 8192K, used 1713K [0x0000000081a00000, 0x0000000100000000)
  region size 1024K, 1 young (1024K), 1 survivors (1024K)
 Metaspace       used 1087K, committed 1152K, reserved 1114112K
  class space    used 109K, committed 128K, reserved 1048576K
}
Event: 0.536 GC heap before
{Heap before GC invocations=1 (full 0):
 garbage-first heap   total 8192K, used 2737K [0x0000000081a00000, 0x0000000100000000)
  region size 1024K, 2 young (2048K), 1 survivors (1024K)
 Metaspace       used 2620K, committed 2752K, reserved 1114112K
  class space    used 292K, committed 320K, reserved 1048576K
}
Event: 0.541 GC heap after
{Heap after GC invocations=2 (full 0):
 garbage-first heap   total 8192K, used 2228K [0x0000000081a00000, 0x0000000100000000)
  region size 1024K, 1 young (1024K), 1 survivors (1024K)
 Metaspace       used 2620K, committed 2752K, reserved 1114112K
  class space    used 292K, committed 320K, reserved 1048576K
}
Event: 0.733 GC heap before
{Heap before GC invocations=2 (full 0):
 garbage-first heap   total 8192K, used 3252K [0x0000000081a00000, 0x0000000100000000)
  region size 1024K, 2 young (2048K), 1 survivors (1024K)
 Metaspace       used 4361K, committed 4480K, reserved 1114112K
  class space    used 536K, committed 576K, reserved 1048576K
}
Event: 0.736 GC heap after
{Heap after GC invocations=3 (full 0):
 garbage-first heap   total 8192K, used 2698K [0x0000000081a00000, 0x0000000100000000)
  region size 1024K, 1 young (1024K), 1 survivors (1024K)
 Metaspace       used 4361K, committed 4480K, reserved 1114112K
  class space    used 536K, committed 576K, reserved 1048576K
}
Event: 0.907 GC heap before
{Heap before GC invocations=3 (full 0):
 garbage-first heap   total 8192K, used 2698K [0x0000000081a00000, 0x0000000100000000)
  region size 1024K, 2 young (2048K), 1 survivors (1024K)
 Metaspace       used 6342K, committed 6528K, reserved 1114112K
  class space    used 738K, committed 832K, reserved 1048576K
}
Event: 0.910 GC heap after
{Heap after GC invocations=4 (full 0):
 garbage-first heap   total 8192K, used 3101K [0x0000000081a00000, 0x0000000100000000)
  region size 1024K, 1 young (1024K), 1 survivors (1024K)
 Metaspace       used 6342K, committed 6528K, reserved 1114112K
  class space    used 738K, committed 832K, reserved 1048576K
}
Event: 1.084 GC heap before
{Heap before GC invocations=4 (full 0):
 garbage-first heap   total 8192K, used 4125K [0x0000000081a00000, 0x0000000100000000)
  region size 1024K, 2 young (2048K), 1 survivors (1024K)
 Metaspace       used 7955K, committed 8128K, reserved 1114112K
  class space    used 907K, committed 1024K, reserved 1048576K
}

